# JRE version: Java(TM) SE Runtime Environment (8.0_60-b27) (build 1.8.0_60-b27)
# Java VM: Java HotSpot(TM) 64-Bit Server VM (25.60-b23 mixed mode windows-amd64 compressed oops)
Heap:
 PSYoungGen      total 929280K, used 464896K [0x000000076af00000, 0x00000007c0000000, 0x00000007c0000000)
  eden space 464896K, 100% used [0x000000076af00000,0x0000000787500000,0x0000000787500000)
  from space 464384K, 0% used [0x00000007a3a80000,0x00000007a3a80000,0x00000007c0000000)
  to   space 464384K, 0% used [0x0000000787500000,0x0000000787500000,0x00000007a3a80000)
 ParOldGen       total 2788352K, used 2735750K [0x00000006c0c00000, 0x000000076af00000, 0x000000076af00000)
  object space 2788352K, 98% used [0x00000006c0c00000,0x0000000767ba1a00,0x000000076af00000)
 Metaspace       used 3330K, capacity 4632K, committed 4864K, reserved 1056768K
  class space    used 347K, capacity 392K, committed 512K, reserved 1048576K
GC Heap History (10 events):
Event: 1417.842 GC heap after
Heap after GC invocations=1485 (full 381):
 PSYoungGen      total 929280K, used 0K [0x000000076af00000, 0x00000007c0000000, 0x00000007c0000000)
  eden space 464896K, 0% used [0x000000076af00000,0x000000076af00000,0x0000000787500000)
  from space 464384K, 0% used [0x00000007a3a80000,0x00000007a3a80000,0x00000007c0000000)
  to   space 464384K, 0% used [0x0000000787500000,0x0000000787500000,0x00000007a3a80000)
 ParOldGen       total 2788352K, used 2733295K [0x00000006c0c00000, 0x000000076af00000, 0x000000076af00000)
  object space 2788352K, 98% used [0x00000006c0c00000,0x000000076793bea8,0x000000076af00000)
 Metaspace       used 3330K, capacity 4632K, committed 4864K, reserved 1056768K
  class space    used 347K, capacity 392K, committed 512K, reserved 1048576K
}
Event: 1418.396 GC heap before
{Heap before GC invocations=1486 (full 382):
 PSYoungGen      total 929280K, used 464896K [0x000000076af00000, 0x00000007c0000000, 0x00000007c0000000)
  eden space 464896K, 100% used [0x000000076af00000,0x0000000787500000,0x0000000787500000)
  from space 464384K, 0% used [0x00000007a3a80000,0x00000007a3a80000,0x00000007c0000000)
  to   space 464384K, 0% used [0x0000000787500000,0x0000000787500000,0x00000007a3a80000)
 ParOldGen       total 2788352K, used 2733295K [0x00000006c0c00000, 0x000000076af00000, 0x000000076af00000)
  object space 2788352K, 98% used [0x00000006c0c00000,0x000000076793bea8,0x000000076af00000)
 Metaspace       used 3330K, capacity 4632K, committed 4864K, reserved 1056768K
  class space    used 347K, capacity 392K, committed 512K, reserved 1048576K
Event: 1419.220 GC heap after
Heap after GC invocations=1486 (full 382):
 PSYoungGen      total 929280K, used 0K [0x000000076af00000, 0x00000007c0000000, 0x00000007c0000000)
  eden space 464896K, 0% used [0x000000076af00000,0x000000076af00000,0x0000000787500000)
  from space 464384K, 0% used [0x00000007a3a80000,0x00000007a3a80000,0x00000007c0000000)
  to   space 464384K, 0% used [0x0000000787500000,0x0000000787500000,0x00000007a3a80000)
 ParOldGen       total 2788352K, used 2733397K [0x00000006c0c00000, 0x000000076af00000, 0x000000076af00000)
  object space 2788352K, 98% used [0x00000006c0c00000,0x0000000767955628,0x000000076af00000)
 Metaspace       used 3330K, capacity 4632K, committed 4864K, reserved 1056768K
  class space    used 347K, capacity 392K, committed 512K, reserved 1048576K
}
Event: 1419.754 GC heap before
{Heap before GC invocations=1487 (full 383):
 PSYoungGen      total 929280K, used 464896K [0x000000076af00000, 0x00000007c0000000, 0x00000007c0000000)
  eden space 464896K, 100% used [0x000000076af00000,0x0000000787500000,0x0000000787500000)
  from space 464384K, 0% used [0x00000007a3a80000,0x00000007a3a80000,0x00000007c0000000)
  to   space 464384K, 0% used [0x0000000787500000,0x0000000787500000,0x00000007a3a80000)
 ParOldGen       total 2788352K, used 2733397K [0x00000006c0c00000, 0x000000076af00000, 0x000000076af00000)
  object space 2788352K, 98% used [0x00000006c0c00000,0x0000000767955628,0x000000076af00000)
 Metaspace       used 3330K, capacity 4632K, committed 4864K, reserved 1056768K
  class space    used 347K, capacity 392K, committed 512K, reserved 1048576K
Event: 1420.155 GC heap after
Heap after GC invocations=1487 (full 383):
 PSYoungGen      total 929280K, used 0K [0x000000076af00000, 0x00000007c0000000, 0x00000007c0000000)
  eden space 464896K, 0% used [0x000000076af00000,0x000000076af00000,0x0000000787500000)
  from space 464384K, 0% used [0x00000007a3a80000,0x00000007a3a80000,0x00000007c0000000)
  to   space 464384K, 0% used [0x0000000787500000,0x0000000787500000,0x00000007a3a80000)
 ParOldGen       total 2788352K, used 2735527K [0x00000006c0c00000, 0x000000076af00000, 0x000000076af00000)
  object space 2788352K, 98% used [0x00000006c0c00000,0x0000000767b69e78,0x000000076af00000)
 Metaspace       used 3330K, capacity 4632K, committed 4864K, reserved 1056768K
  class space    used 347K, capacity 392K, committed 512K, reserved 1048576K
}
Event: 1420.686 GC heap before
{Heap before GC invocations=1488 (full 384):
 PSYoungGen      total 929280K, used 464896K [0x000000076af00000, 0x00000007c0000000, 0x00000007c0000000)
  eden space 464896K, 100% used [0x000000076af00000,0x0000000787500000,0x0000000787500000)
  from space 464384K, 0% used [0x00000007a3a80000,0x00000007a3a80000,0x00000007c0000000)
  to   space 464384K, 0% used [0x0000000787500000,0x0000000787500000,0x00000007a3a80000)
 ParOldGen       total 2788352K, used 2735527K [0x00000006c0c00000, 0x000000076af00000, 0x000000076af00000)
  object space 2788352K, 98% used [0x00000006c0c00000,0x0000000767b69e78,0x000000076af00000)
 Metaspace       used 3330K, capacity 4632K, committed 4864K, reserved 1056768K
  class space    used 347K, capacity 392K, committed 512K, reserved 1048576K
Event: 1421.111 GC heap after
Heap after GC invocations=1488 (full 384):
 PSYoungGen      total 929280K, used 0K [0x000000076af00000, 0x00000007c0000000, 0x00000007c0000000)
  eden space 464896K, 0% used [0x000000076af00000,0x000000076af00000,0x0000000787500000)
  from space 464384K, 0% used [0x00000007a3a80000,0x00000007a3a80000,0x00000007c0000000)
  to   space 464384K, 0% used [0x0000000787500000,0x0000000787500000,0x00000007a3a80000)
 ParOldGen       total 2788352K, used 2733670K [0x00000006c0c00000, 0x000000076af00000, 0x000000076af00000)
  object space 2788352K, 98% used [0x00000006c0c00000,0x0000000767999928,0x000000076af00000)
 Metaspace       used 3330K, capacity 4632K, committed 4864K, reserved 1056768K
  class space    used 347K, capacity 392K, committed 512K, reserved 1048576K
}
Event: 1421.638 GC heap before
{Heap before GC invocations=1489 (full 385):
 PSYoungGen      total 929280K, used 464896K [0x000000076af00000, 0x00000007c0000000, 0x00000007c0000000)
  eden space 464896K, 100% used [0x000000076af00000,0x0000000787500000,0x0000000787500000)
  from space 464384K, 0% used [0x00000007a3a80000,0x00000007a3a80000,0x00000007c0000000)
  to   space 464384K, 0% used [0x0000000787500000,0x0000000787500000,0x00000007a3a80000)
 ParOldGen       total 2788352K, used 2733670K [0x00000006c0c00000, 0x000000076af00000, 0x000000076af00000)
  object space 2788352K, 98% used [0x00000006c0c00000,0x0000000767999928,0x000000076af00000)
 Metaspace       used 3330K, capacity 4632K, committed 4864K, reserved 1056768K
  class space    used 347K, capacity 392K, committed 512K, reserved 1048576K
Event: 1422.048 GC heap after
Heap after GC invocations=1489 (full 385):
 PSYoungGen      total 929280K, used 0K [0x000000076af00000, 0x00000007c0000000, 0x00000007c0000000)
  eden space 464896K, 0% used [0x000000076af00000,0x000000076af00000,0x0000000787500000)
  from space 464384K, 0% used [0x00000007a3a80000,0x00000007a3a80000,0x00000007c0000000)
  to   space 464384K, 0% used [0x0000000787500000,0x0000000787500000,0x00000007a3a80000)
 ParOldGen       total 2788352K, used 2735750K [0x00000006c0c00000, 0x000000076af00000, 0x000000076af00000)
  object space 2788352K, 98% used [0x00000006c0c00000,0x0000000767ba1a00,0x000000076af00000)
 Metaspace       used 3330K, capacity 4632K, committed 4864K, reserved 1056768K
  class space    used 347K, capacity 392K, committed 512K, reserved 1048576K
}
Event: 1422.609 GC heap before
{Heap before GC invocations=1490 (full 386):
 PSYoungGen      total 929280K, used 464896K [0x000000076af00000, 0x00000007c0000000, 0x00000007c0000000)
  eden space 464896K, 100% used [0x000000076af00000,0x0000000787500000,0x0000000787500000)
  from space 464384K, 0% used [0x00000007a3a80000,0x00000007a3a80000,0x00000007c0000000)
  to   space 464384K, 0% used [0x0000000787500000,0x0000000787500000,0x00000007a3a80000)
 ParOldGen       total 2788352K, used 2735750K [0x00000006c0c00000, 0x000000076af00000, 0x000000076af00000)
  object space 2788352K, 98% used [0x00000006c0c00000,0x0000000767ba1a00,0x000000076af00000)
 Metaspace       used 3330K, capacity 4632K, committed 4864K, reserved 1056768K
  class space    used 347K, capacity 392K, committed 512K, reserved 1048576K

