# JRE version: Java(TM) SE Runtime Environment (8.0_60-b27) (build 1.8.0_60-b27)
# Java VM: Java HotSpot(TM) 64-Bit Server VM (25.60-b23 mixed mode windows-amd64 compressed oops)
Heap:
 PSYoungGen      total 1150464K, used 1019872K [0x000000076af00000, 0x00000007bf180000, 0x00000007c0000000)
  eden space 917504K, 100% used [0x000000076af00000,0x00000007a2f00000,0x00000007a2f00000)
  from space 232960K, 43% used [0x00000007b0e00000,0x00000007b71f8000,0x00000007bf180000)
  to   space 228352K, 0% used [0x00000007a2f00000,0x00000007a2f00000,0x00000007b0e00000)
 ParOldGen       total 1515520K, used 1131547K [0x00000006c0c00000, 0x000000071d400000, 0x000000076af00000)
  object space 1515520K, 74% used [0x00000006c0c00000,0x0000000705d06dd8,0x000000071d400000)
 Metaspace       used 3339K, capacity 4632K, committed 4864K, reserved 1056768K
  class space    used 347K, capacity 392K, committed 512K, reserved 1048576K
GC Heap History (10 events):
Event: 55.914 GC heap before
{Heap before GC invocations=127 (full 7):
 PSYoungGen      total 988160K, used 987936K [0x000000076af00000, 0x00000007be180000, 0x00000007c0000000)
  eden space 853504K, 100% used [0x000000076af00000,0x000000079f080000,0x000000079f080000)
  from space 134656K, 99% used [0x000000079f080000,0x00000007a73c8000,0x00000007a7400000)
  to   space 254464K, 0% used [0x00000007ae900000,0x00000007ae900000,0x00000007be180000)
 ParOldGen       total 1515520K, used 1051419K [0x00000006c0c00000, 0x000000071d400000, 0x000000076af00000)
  object space 1515520K, 69% used [0x00000006c0c00000,0x0000000700ec6dd8,0x000000071d400000)
 Metaspace       used 3338K, capacity 4632K, committed 4864K, reserved 1056768K
  class space    used 347K, capacity 392K, committed 512K, reserved 1048576K
Event: 55.939 GC heap after
Heap after GC invocations=127 (full 7):
 PSYoungGen      total 1114112K, used 117248K [0x000000076af00000, 0x00000007c0000000, 0x00000007c0000000)
  eden space 859648K, 0% used [0x000000076af00000,0x000000076af00000,0x000000079f680000)
  from space 254464K, 46% used [0x00000007ae900000,0x00000007b5b80000,0x00000007be180000)
  to   space 248320K, 0% used [0x000000079f680000,0x000000079f680000,0x00000007ae900000)
 ParOldGen       total 1515520K, used 1075499K [0x00000006c0c00000, 0x000000071d400000, 0x000000076af00000)
  object space 1515520K, 70% used [0x00000006c0c00000,0x000000070264add8,0x000000071d400000)
 Metaspace       used 3338K, capacity 4632K, committed 4864K, reserved 1056768K
  class space    used 347K, capacity 392K, committed 512K, reserved 1048576K
}
Event: 56.319 GC heap before
{Heap before GC invocations=128 (full 7):
 PSYoungGen      total 1114112K, used 976896K [0x000000076af00000, 0x00000007c0000000, 0x00000007c0000000)
  eden space 859648K, 100% used [0x000000076af00000,0x000000079f680000,0x000000079f680000)
  from space 254464K, 46% used [0x00000007ae900000,0x00000007b5b80000,0x00000007be180000)
  to   space 248320K, 0% used [0x000000079f680000,0x000000079f680000,0x00000007ae900000)
 ParOldGen       total 1515520K, used 1075499K [0x00000006c0c00000, 0x000000071d400000, 0x000000076af00000)
  object space 1515520K, 70% used [0x00000006c0c00000,0x000000070264add8,0x000000071d400000)
 Metaspace       used 3338K, capacity 4632K, committed 4864K, reserved 1056768K
  class space    used 347K, capacity 392K, committed 512K, reserved 1048576K
Event: 56.341 GC heap after
Heap after GC invocations=128 (full 7):
 PSYoungGen      total 1107968K, used 110432K [0x000000076af00000, 0x00000007bf000000, 0x00000007c0000000)
  eden space 859648K, 0% used [0x000000076af00000,0x000000076af00000,0x000000079f680000)
  from space 248320K, 44% used [0x000000079f680000,0x00000007a6258000,0x00000007ae900000)
  to   space 243200K, 0% used [0x00000007b0280000,0x00000007b0280000,0x00000007bf000000)
 ParOldGen       total 1515520K, used 1095403K [0x00000006c0c00000, 0x000000071d400000, 0x000000076af00000)
  object space 1515520K, 72% used [0x00000006c0c00000,0x00000007039badd8,0x000000071d400000)
 Metaspace       used 3338K, capacity 4632K, committed 4864K, reserved 1056768K
  class space    used 347K, capacity 392K, committed 512K, reserved 1048576K
}
Event: 56.763 GC heap before
{Heap before GC invocations=129 (full 7):
 PSYoungGen      total 1107968K, used 970080K [0x000000076af00000, 0x00000007bf000000, 0x00000007c0000000)
  eden space 859648K, 100% used [0x000000076af00000,0x000000079f680000,0x000000079f680000)
  from space 248320K, 44% used [0x000000079f680000,0x00000007a6258000,0x00000007ae900000)
  to   space 243200K, 0% used [0x00000007b0280000,0x00000007b0280000,0x00000007bf000000)
 ParOldGen       total 1515520K, used 1095403K [0x00000006c0c00000, 0x000000071d400000, 0x000000076af00000)
  object space 1515520K, 72% used [0x00000006c0c00000,0x00000007039badd8,0x000000071d400000)
 Metaspace       used 3338K, capacity 4632K, committed 4864K, reserved 1056768K
  class space    used 347K, capacity 392K, committed 512K, reserved 1048576K
Event: 56.785 GC heap after
Heap after GC invocations=129 (full 7):
 PSYoungGen      total 1139200K, used 109824K [0x000000076af00000, 0x00000007bf100000, 0x00000007c0000000)
  eden space 896000K, 0% used [0x000000076af00000,0x000000076af00000,0x00000007a1a00000)
  from space 243200K, 45% used [0x00000007b0280000,0x00000007b6dc0000,0x00000007bf000000)
  to   space 238080K, 0% used [0x00000007a1a00000,0x00000007a1a00000,0x00000007b0280000)
 ParOldGen       total 1515520K, used 1106763K [0x00000006c0c00000, 0x000000071d400000, 0x000000076af00000)
  object space 1515520K, 73% used [0x00000006c0c00000,0x00000007044d2dd8,0x000000071d400000)
 Metaspace       used 3338K, capacity 4632K, committed 4864K, reserved 1056768K
  class space    used 347K, capacity 392K, committed 512K, reserved 1048576K
}
Event: 57.193 GC heap before
{Heap before GC invocations=130 (full 7):
 PSYoungGen      total 1139200K, used 1005824K [0x000000076af00000, 0x00000007bf100000, 0x00000007c0000000)
  eden space 896000K, 100% used [0x000000076af00000,0x00000007a1a00000,0x00000007a1a00000)
  from space 243200K, 45% used [0x00000007b0280000,0x00000007b6dc0000,0x00000007bf000000)
  to   space 238080K, 0% used [0x00000007a1a00000,0x00000007a1a00000,0x00000007b0280000)
 ParOldGen       total 1515520K, used 1106763K [0x00000006c0c00000, 0x000000071d400000, 0x000000076af00000)
  object space 1515520K, 73% used [0x00000006c0c00000,0x00000007044d2dd8,0x000000071d400000)
 Metaspace       used 3338K, capacity 4632K, committed 4864K, reserved 1056768K
  class space    used 347K, capacity 392K, committed 512K, reserved 1048576K
Event: 57.214 GC heap after
Heap after GC invocations=130 (full 7):
 PSYoungGen      total 1134080K, used 104000K [0x000000076af00000, 0x00000007bf200000, 0x00000007c0000000)
  eden space 896000K, 0% used [0x000000076af00000,0x000000076af00000,0x00000007a1a00000)
  from space 238080K, 43% used [0x00000007a1a00000,0x00000007a7f90000,0x00000007b0280000)
  to   space 233472K, 0% used [0x00000007b0e00000,0x00000007b0e00000,0x00000007bf200000)
 ParOldGen       total 1515520K, used 1119171K [0x00000006c0c00000, 0x000000071d400000, 0x000000076af00000)
  object space 1515520K, 73% used [0x00000006c0c00000,0x00000007050f0dd8,0x000000071d400000)
 Metaspace       used 3338K, capacity 4632K, committed 4864K, reserved 1056768K
  class space    used 347K, capacity 392K, committed 512K, reserved 1048576K
}
Event: 57.622 GC heap before
{Heap before GC invocations=131 (full 7):
 PSYoungGen      total 1134080K, used 1000000K [0x000000076af00000, 0x00000007bf200000, 0x00000007c0000000)
  eden space 896000K, 100% used [0x000000076af00000,0x00000007a1a00000,0x00000007a1a00000)
  from space 238080K, 43% used [0x00000007a1a00000,0x00000007a7f90000,0x00000007b0280000)
  to   space 233472K, 0% used [0x00000007b0e00000,0x00000007b0e00000,0x00000007bf200000)
 ParOldGen       total 1515520K, used 1119171K [0x00000006c0c00000, 0x000000071d400000, 0x000000076af00000)
  object space 1515520K, 73% used [0x00000006c0c00000,0x00000007050f0dd8,0x000000071d400000)
 Metaspace       used 3338K, capacity 4632K, committed 4864K, reserved 1056768K
  class space    used 347K, capacity 392K, committed 512K, reserved 1048576K
Event: 57.642 GC heap after
Heap after GC invocations=131 (full 7):
 PSYoungGen      total 1150464K, used 102368K [0x000000076af00000, 0x00000007bf180000, 0x00000007c0000000)
  eden space 917504K, 0% used [0x000000076af00000,0x000000076af00000,0x00000007a2f00000)
  from space 232960K, 43% used [0x00000007b0e00000,0x00000007b71f8000,0x00000007bf180000)
  to   space 228352K, 0% used [0x00000007a2f00000,0x00000007a2f00000,0x00000007b0e00000)
 ParOldGen       total 1515520K, used 1131547K [0x00000006c0c00000, 0x000000071d400000, 0x000000076af00000)
  object space 1515520K, 74% used [0x00000006c0c00000,0x0000000705d06dd8,0x000000071d400000)
 Metaspace       used 3338K, capacity 4632K, committed 4864K, reserved 1056768K
  class space    used 347K, capacity 392K, committed 512K, reserved 1048576K
}

