# JRE version: Java(TM) SE Runtime Environment (8.0_60-b27) (build 1.8.0_60-b27)
# Java VM: Java HotSpot(TM) 64-Bit Server VM (25.60-b23 mixed mode windows-amd64 compressed oops)
Heap:
 PSYoungGen      total 929280K, used 464896K [0x000000076af00000, 0x00000007c0000000, 0x00000007c0000000)
  eden space 464896K, 100% used [0x000000076af00000,0x0000000787500000,0x0000000787500000)
  from space 464384K, 0% used [0x0000000787500000,0x0000000787500000,0x00000007a3a80000)
  to   space 464384K, 0% used [0x00000007a3a80000,0x00000007a3a80000,0x00000007c0000000)
 ParOldGen       total 2788352K, used 2750038K [0x00000006c0c00000, 0x000000076af00000, 0x000000076af00000)
  object space 2788352K, 98% used [0x00000006c0c00000,0x0000000768995a08,0x000000076af00000)
 Metaspace       used 3329K, capacity 4632K, committed 4864K, reserved 1056768K
  class space    used 347K, capacity 392K, committed 512K, reserved 1048576K
GC Heap History (10 events):
Event: 1512.860 GC heap after
Heap after GC invocations=1535 (full 354):
 PSYoungGen      total 929280K, used 0K [0x000000076af00000, 0x00000007c0000000, 0x00000007c0000000)
  eden space 464896K, 0% used [0x000000076af00000,0x000000076af00000,0x0000000787500000)
  from space 464384K, 0% used [0x0000000787500000,0x0000000787500000,0x00000007a3a80000)
  to   space 464384K, 0% used [0x00000007a3a80000,0x00000007a3a80000,0x00000007c0000000)
 ParOldGen       total 2788352K, used 2749570K [0x00000006c0c00000, 0x000000076af00000, 0x000000076af00000)
  object space 2788352K, 98% used [0x00000006c0c00000,0x0000000768920b38,0x000000076af00000)
 Metaspace       used 3329K, capacity 4632K, committed 4864K, reserved 1056768K
  class space    used 347K, capacity 392K, committed 512K, reserved 1048576K
}
Event: 1513.363 GC heap before
{Heap before GC invocations=1536 (full 355):
 PSYoungGen      total 929280K, used 464896K [0x000000076af00000, 0x00000007c0000000, 0x00000007c0000000)
  eden space 464896K, 100% used [0x000000076af00000,0x0000000787500000,0x0000000787500000)
  from space 464384K, 0% used [0x0000000787500000,0x0000000787500000,0x00000007a3a80000)
  to   space 464384K, 0% used [0x00000007a3a80000,0x00000007a3a80000,0x00000007c0000000)
 ParOldGen       total 2788352K, used 2749570K [0x00000006c0c00000, 0x000000076af00000, 0x000000076af00000)
  object space 2788352K, 98% used [0x00000006c0c00000,0x0000000768920b38,0x000000076af00000)
 Metaspace       used 3329K, capacity 4632K, committed 4864K, reserved 1056768K
  class space    used 347K, capacity 392K, committed 512K, reserved 1048576K
Event: 1513.908 GC heap after
Heap after GC invocations=1536 (full 355):
 PSYoungGen      total 929280K, used 0K [0x000000076af00000, 0x00000007c0000000, 0x00000007c0000000)
  eden space 464896K, 0% used [0x000000076af00000,0x000000076af00000,0x0000000787500000)
  from space 464384K, 0% used [0x0000000787500000,0x0000000787500000,0x00000007a3a80000)
  to   space 464384K, 0% used [0x00000007a3a80000,0x00000007a3a80000,0x00000007c0000000)
 ParOldGen       total 2788352K, used 2749728K [0x00000006c0c00000, 0x000000076af00000, 0x000000076af00000)
  object space 2788352K, 98% used [0x00000006c0c00000,0x00000007689482b0,0x000000076af00000)
 Metaspace       used 3329K, capacity 4632K, committed 4864K, reserved 1056768K
  class space    used 347K, capacity 392K, committed 512K, reserved 1048576K
}
Event: 1514.511 GC heap before
{Heap before GC invocations=1537 (full 356):
 PSYoungGen      total 929280K, used 464896K [0x000000076af00000, 0x00000007c0000000, 0x00000007c0000000)
  eden space 464896K, 100% used [0x000000076af00000,0x0000000787500000,0x0000000787500000)
  from space 464384K, 0% used [0x0000000787500000,0x0000000787500000,0x00000007a3a80000)
  to   space 464384K, 0% used [0x00000007a3a80000,0x00000007a3a80000,0x00000007c0000000)
 ParOldGen       total 2788352K, used 2749728K [0x00000006c0c00000, 0x000000076af00000, 0x000000076af00000)
  object space 2788352K, 98% used [0x00000006c0c00000,0x00000007689482b0,0x000000076af00000)
 Metaspace       used 3329K, capacity 4632K, committed 4864K, reserved 1056768K
  class space    used 347K, capacity 392K, committed 512K, reserved 1048576K
Event: 1515.271 GC heap after
Heap after GC invocations=1537 (full 356):
 PSYoungGen      total 929280K, used 0K [0x000000076af00000, 0x00000007c0000000, 0x00000007c0000000)
  eden space 464896K, 0% used [0x000000076af00000,0x000000076af00000,0x0000000787500000)
  from space 464384K, 0% used [0x0000000787500000,0x0000000787500000,0x00000007a3a80000)
  to   space 464384K, 0% used [0x00000007a3a80000,0x00000007a3a80000,0x00000007c0000000)
 ParOldGen       total 2788352K, used 2749799K [0x00000006c0c00000, 0x000000076af00000, 0x000000076af00000)
  object space 2788352K, 98% used [0x00000006c0c00000,0x0000000768959f20,0x000000076af00000)
 Metaspace       used 3329K, capacity 4632K, committed 4864K, reserved 1056768K
  class space    used 347K, capacity 392K, committed 512K, reserved 1048576K
}
Event: 1515.804 GC heap before
{Heap before GC invocations=1538 (full 357):
 PSYoungGen      total 929280K, used 464896K [0x000000076af00000, 0x00000007c0000000, 0x00000007c0000000)
  eden space 464896K, 100% used [0x000000076af00000,0x0000000787500000,0x0000000787500000)
  from space 464384K, 0% used [0x0000000787500000,0x0000000787500000,0x00000007a3a80000)
  to   space 464384K, 0% used [0x00000007a3a80000,0x00000007a3a80000,0x00000007c0000000)
 ParOldGen       total 2788352K, used 2749799K [0x00000006c0c00000, 0x000000076af00000, 0x000000076af00000)
  object space 2788352K, 98% used [0x00000006c0c00000,0x0000000768959f20,0x000000076af00000)
 Metaspace       used 3329K, capacity 4632K, committed 4864K, reserved 1056768K
  class space    used 347K, capacity 392K, committed 512K, reserved 1048576K
Event: 1516.483 GC heap after
Heap after GC invocations=1538 (full 357):
 PSYoungGen      total 929280K, used 0K [0x000000076af00000, 0x00000007c0000000, 0x00000007c0000000)
  eden space 464896K, 0% used [0x000000076af00000,0x000000076af00000,0x0000000787500000)
  from space 464384K, 0% used [0x0000000787500000,0x0000000787500000,0x00000007a3a80000)
  to   space 464384K, 0% used [0x00000007a3a80000,0x00000007a3a80000,0x00000007c0000000)
 ParOldGen       total 2788352K, used 2749991K [0x00000006c0c00000, 0x000000076af00000, 0x000000076af00000)
  object space 2788352K, 98% used [0x00000006c0c00000,0x0000000768989cb0,0x000000076af00000)
 Metaspace       used 3329K, capacity 4632K, committed 4864K, reserved 1056768K
  class space    used 347K, capacity 392K, committed 512K, reserved 1048576K
}
Event: 1517.006 GC heap before
{Heap before GC invocations=1539 (full 358):
 PSYoungGen      total 929280K, used 464896K [0x000000076af00000, 0x00000007c0000000, 0x00000007c0000000)
  eden space 464896K, 100% used [0x000000076af00000,0x0000000787500000,0x0000000787500000)
  from space 464384K, 0% used [0x0000000787500000,0x0000000787500000,0x00000007a3a80000)
  to   space 464384K, 0% used [0x00000007a3a80000,0x00000007a3a80000,0x00000007c0000000)
 ParOldGen       total 2788352K, used 2749991K [0x00000006c0c00000, 0x000000076af00000, 0x000000076af00000)
  object space 2788352K, 98% used [0x00000006c0c00000,0x0000000768989cb0,0x000000076af00000)
 Metaspace       used 3329K, capacity 4632K, committed 4864K, reserved 1056768K
  class space    used 347K, capacity 392K, committed 512K, reserved 1048576K
Event: 1517.336 GC heap after
Heap after GC invocations=1539 (full 358):
 PSYoungGen      total 929280K, used 0K [0x000000076af00000, 0x00000007c0000000, 0x00000007c0000000)
  eden space 464896K, 0% used [0x000000076af00000,0x000000076af00000,0x0000000787500000)
  from space 464384K, 0% used [0x0000000787500000,0x0000000787500000,0x00000007a3a80000)
  to   space 464384K, 0% used [0x00000007a3a80000,0x00000007a3a80000,0x00000007c0000000)
 ParOldGen       total 2788352K, used 2750038K [0x00000006c0c00000, 0x000000076af00000, 0x000000076af00000)
  object space 2788352K, 98% used [0x00000006c0c00000,0x0000000768995a08,0x000000076af00000)
 Metaspace       used 3329K, capacity 4632K, committed 4864K, reserved 1056768K
  class space    used 347K, capacity 392K, committed 512K, reserved 1048576K
}
Event: 1517.922 GC heap before
{Heap before GC invocations=1540 (full 359):
 PSYoungGen      total 929280K, used 464896K [0x000000076af00000, 0x00000007c0000000, 0x00000007c0000000)
  eden space 464896K, 100% used [0x000000076af00000,0x0000000787500000,0x0000000787500000)
  from space 464384K, 0% used [0x0000000787500000,0x0000000787500000,0x00000007a3a80000)
  to   space 464384K, 0% used [0x00000007a3a80000,0x00000007a3a80000,0x00000007c0000000)
 ParOldGen       total 2788352K, used 2750038K [0x00000006c0c00000, 0x000000076af00000, 0x000000076af00000)
  object space 2788352K, 98% used [0x00000006c0c00000,0x0000000768995a08,0x000000076af00000)
 Metaspace       used 3329K, capacity 4632K, committed 4864K, reserved 1056768K
  class space    used 347K, capacity 392K, committed 512K, reserved 1048576K

