# JRE version: Java(TM) SE Runtime Environment (8.0_60-b27) (build 1.8.0_60-b27)
# Java VM: Java HotSpot(TM) 64-Bit Server VM (25.60-b23 mixed mode windows-amd64 compressed oops)
Heap:
 PSYoungGen      total 232960K, used 171899K [0x00000000eab00000, 0x0000000100000000, 0x0000000100000000)
  eden space 116736K, 99% used [0x00000000eab00000,0x00000000f1cfffc8,0x00000000f1d00000)
  from space 116224K, 47% used [0x00000000f8e80000,0x00000000fc45ed28,0x0000000100000000)
  to   space 116224K, 0% used [0x00000000f1d00000,0x00000000f1d00000,0x00000000f8e80000)
 ParOldGen       total 699392K, used 699391K [0x00000000c0000000, 0x00000000eab00000, 0x00000000eab00000)
  object space 699392K, 99% used [0x00000000c0000000,0x00000000eaafffd0,0x00000000eab00000)
 Metaspace       used 3257K, capacity 4566K, committed 4864K, reserved 1056768K
  class space    used 342K, capacity 390K, committed 512K, reserved 1048576K
GC Heap History (10 events):
Event: 98.220 GC heap after
Heap after GC invocations=376 (full 350):
 PSYoungGen      total 232960K, used 171898K [0x00000000eab00000, 0x0000000100000000, 0x0000000100000000)
  eden space 116736K, 99% used [0x00000000eab00000,0x00000000f1cffe70,0x00000000f1d00000)
  from space 116224K, 47% used [0x00000000f8e80000,0x00000000fc45ed28,0x0000000100000000)
  to   space 116224K, 0% used [0x00000000f1d00000,0x00000000f1d00000,0x00000000f8e80000)
 ParOldGen       total 699392K, used 699350K [0x00000000c0000000, 0x00000000eab00000, 0x00000000eab00000)
  object space 699392K, 99% used [0x00000000c0000000,0x00000000eaaf5948,0x00000000eab00000)
 Metaspace       used 3257K, capacity 4566K, committed 4864K, reserved 1056768K
  class space    used 342K, capacity 390K, committed 512K, reserved 1048576K
}
Event: 98.220 GC heap before
{Heap before GC invocations=377 (full 351):
 PSYoungGen      total 232960K, used 171898K [0x00000000eab00000, 0x0000000100000000, 0x0000000100000000)
  eden space 116736K, 99% used [0x00000000eab00000,0x00000000f1cffe88,0x00000000f1d00000)
  from space 116224K, 47% used [0x00000000f8e80000,0x00000000fc45ed28,0x0000000100000000)
  to   space 116224K, 0% used [0x00000000f1d00000,0x00000000f1d00000,0x00000000f8e80000)
 ParOldGen       total 699392K, used 699376K [0x00000000c0000000, 0x00000000eab00000, 0x00000000eab00000)
  object space 699392K, 99% used [0x00000000c0000000,0x00000000eaafc148,0x00000000eab00000)
 Metaspace       used 3257K, capacity 4566K, committed 4864K, reserved 1056768K
  class space    used 342K, capacity 390K, committed 512K, reserved 1048576K
Event: 98.373 GC heap after
Heap after GC invocations=377 (full 351):
 PSYoungGen      total 232960K, used 171898K [0x00000000eab00000, 0x0000000100000000, 0x0000000100000000)
  eden space 116736K, 99% used [0x00000000eab00000,0x00000000f1cffe88,0x00000000f1d00000)
  from space 116224K, 47% used [0x00000000f8e80000,0x00000000fc45ed28,0x0000000100000000)
  to   space 116224K, 0% used [0x00000000f1d00000,0x00000000f1d00000,0x00000000f8e80000)
 ParOldGen       total 699392K, used 699376K [0x00000000c0000000, 0x00000000eab00000, 0x00000000eab00000)
  object space 699392K, 99% used [0x00000000c0000000,0x00000000eaafc148,0x00000000eab00000)
 Metaspace       used 3257K, capacity 4566K, committed 4864K, reserved 1056768K
  class space    used 342K, capacity 390K, committed 512K, reserved 1048576K
}
Event: 98.373 GC heap before
{Heap before GC invocations=378 (full 352):
 PSYoungGen      total 232960K, used 171898K [0x00000000eab00000, 0x0000000100000000, 0x0000000100000000)
  eden space 116736K, 99% used [0x00000000eab00000,0x00000000f1cffed0,0x00000000f1d00000)
  from space 116224K, 47% used [0x00000000f8e80000,0x00000000fc45ed28,0x0000000100000000)
  to   space 116224K, 0% used [0x00000000f1d00000,0x00000000f1d00000,0x00000000f8e80000)
 ParOldGen       total 699392K, used 699391K [0x00000000c0000000, 0x00000000eab00000, 0x00000000eab00000)
  object space 699392K, 99% used [0x00000000c0000000,0x00000000eaafff08,0x00000000eab00000)
 Metaspace       used 3257K, capacity 4566K, committed 4864K, reserved 1056768K
  class space    used 342K, capacity 390K, committed 512K, reserved 1048576K
Event: 98.572 GC heap after
Heap after GC invocations=378 (full 352):
 PSYoungGen      total 232960K, used 171898K [0x00000000eab00000, 0x0000000100000000, 0x0000000100000000)
  eden space 116736K, 99% used [0x00000000eab00000,0x00000000f1cffed0,0x00000000f1d00000)
  from space 116224K, 47% used [0x00000000f8e80000,0x00000000fc45ed28,0x0000000100000000)
  to   space 116224K, 0% used [0x00000000f1d00000,0x00000000f1d00000,0x00000000f8e80000)
 ParOldGen       total 699392K, used 699386K [0x00000000c0000000, 0x00000000eab00000, 0x00000000eab00000)
  object space 699392K, 99% used [0x00000000c0000000,0x00000000eaafeab0,0x00000000eab00000)
 Metaspace       used 3257K, capacity 4566K, committed 4864K, reserved 1056768K
  class space    used 342K, capacity 390K, committed 512K, reserved 1048576K
}
Event: 98.572 GC heap before
{Heap before GC invocations=379 (full 353):
 PSYoungGen      total 232960K, used 171899K [0x00000000eab00000, 0x0000000100000000, 0x0000000100000000)
  eden space 116736K, 99% used [0x00000000eab00000,0x00000000f1cfffd8,0x00000000f1d00000)
  from space 116224K, 47% used [0x00000000f8e80000,0x00000000fc45ed28,0x0000000100000000)
  to   space 116224K, 0% used [0x00000000f1d00000,0x00000000f1d00000,0x00000000f8e80000)
 ParOldGen       total 699392K, used 699391K [0x00000000c0000000, 0x00000000eab00000, 0x00000000eab00000)
  object space 699392K, 99% used [0x00000000c0000000,0x00000000eaafffd0,0x00000000eab00000)
 Metaspace       used 3257K, capacity 4566K, committed 4864K, reserved 1056768K
  class space    used 342K, capacity 390K, committed 512K, reserved 1048576K
Event: 99.035 GC heap after
Heap after GC invocations=379 (full 353):
 PSYoungGen      total 232960K, used 171899K [0x00000000eab00000, 0x0000000100000000, 0x0000000100000000)
  eden space 116736K, 99% used [0x00000000eab00000,0x00000000f1cfffb0,0x00000000f1d00000)
  from space 116224K, 47% used [0x00000000f8e80000,0x00000000fc45ed28,0x0000000100000000)
  to   space 116224K, 0% used [0x00000000f1d00000,0x00000000f1d00000,0x00000000f8e80000)
 ParOldGen       total 699392K, used 699391K [0x00000000c0000000, 0x00000000eab00000, 0x00000000eab00000)
  object space 699392K, 99% used [0x00000000c0000000,0x00000000eaafffd0,0x00000000eab00000)
 Metaspace       used 3257K, capacity 4566K, committed 4864K, reserved 1056768K
  class space    used 342K, capacity 390K, committed 512K, reserved 1048576K
}
Event: 99.035 GC heap before
{Heap before GC invocations=380 (full 354):
 PSYoungGen      total 232960K, used 171899K [0x00000000eab00000, 0x0000000100000000, 0x0000000100000000)
  eden space 116736K, 99% used [0x00000000eab00000,0x00000000f1cfffb0,0x00000000f1d00000)
  from space 116224K, 47% used [0x00000000f8e80000,0x00000000fc45ed28,0x0000000100000000)
  to   space 116224K, 0% used [0x00000000f1d00000,0x00000000f1d00000,0x00000000f8e80000)
 ParOldGen       total 699392K, used 699391K [0x00000000c0000000, 0x00000000eab00000, 0x00000000eab00000)
  object space 699392K, 99% used [0x00000000c0000000,0x00000000eaafffd0,0x00000000eab00000)
 Metaspace       used 3257K, capacity 4566K, committed 4864K, reserved 1056768K
  class space    used 342K, capacity 390K, committed 512K, reserved 1048576K
Event: 99.183 GC heap after
Heap after GC invocations=380 (full 354):
 PSYoungGen      total 232960K, used 171899K [0x00000000eab00000, 0x0000000100000000, 0x0000000100000000)
  eden space 116736K, 99% used [0x00000000eab00000,0x00000000f1cfffb0,0x00000000f1d00000)
  from space 116224K, 47% used [0x00000000f8e80000,0x00000000fc45ed28,0x0000000100000000)
  to   space 116224K, 0% used [0x00000000f1d00000,0x00000000f1d00000,0x00000000f8e80000)
 ParOldGen       total 699392K, used 699391K [0x00000000c0000000, 0x00000000eab00000, 0x00000000eab00000)
  object space 699392K, 99% used [0x00000000c0000000,0x00000000eaafffd0,0x00000000eab00000)
 Metaspace       used 3257K, capacity 4566K, committed 4864K, reserved 1056768K
  class space    used 342K, capacity 390K, committed 512K, reserved 1048576K
}
Event: 99.183 GC heap before
{Heap before GC invocations=381 (full 355):
 PSYoungGen      total 232960K, used 171899K [0x00000000eab00000, 0x0000000100000000, 0x0000000100000000)
  eden space 116736K, 99% used [0x00000000eab00000,0x00000000f1cfffc8,0x00000000f1d00000)
  from space 116224K, 47% used [0x00000000f8e80000,0x00000000fc45ed28,0x0000000100000000)
  to   space 116224K, 0% used [0x00000000f1d00000,0x00000000f1d00000,0x00000000f8e80000)
 ParOldGen       total 699392K, used 699391K [0x00000000c0000000, 0x00000000eab00000, 0x00000000eab00000)
  object space 699392K, 99% used [0x00000000c0000000,0x00000000eaafffd0,0x00000000eab00000)
 Metaspace       used 3257K, capacity 4566K, committed 4864K, reserved 1056768K
  class space    used 342K, capacity 390K, committed 512K, reserved 1048576K

