# JRE version: Java(TM) SE Runtime Environment (8.0_60-b27) (build 1.8.0_60-b27)
# Java VM: Java HotSpot(TM) 64-Bit Server VM (25.60-b23 mixed mode windows-amd64 compressed oops)
Heap:
 PSYoungGen      total 929280K, used 464896K [0x000000076af00000, 0x00000007c0000000, 0x00000007c0000000)
  eden space 464896K, 100% used [0x000000076af00000,0x0000000787500000,0x0000000787500000)
  from space 464384K, 0% used [0x0000000787500000,0x0000000787500000,0x00000007a3a80000)
  to   space 464384K, 0% used [0x00000007a3a80000,0x00000007a3a80000,0x00000007c0000000)
 ParOldGen       total 2788352K, used 2788042K [0x00000006c0c00000, 0x000000076af00000, 0x000000076af00000)
  object space 2788352K, 99% used [0x00000006c0c00000,0x000000076aeb2918,0x000000076af00000)
 Metaspace       used 3421K, capacity 4632K, committed 4864K, reserved 1056768K
  class space    used 350K, capacity 392K, committed 512K, reserved 1048576K
GC Heap History (10 events):
Event: 5627.184 GC heap after
Heap after GC invocations=5649 (full 1743):
 PSYoungGen      total 929280K, used 120987K [0x000000076af00000, 0x00000007c0000000, 0x00000007c0000000)
  eden space 464896K, 26% used [0x000000076af00000,0x0000000772526f48,0x0000000787500000)
  from space 464384K, 0% used [0x0000000787500000,0x0000000787500000,0x00000007a3a80000)
  to   space 464384K, 0% used [0x00000007a3a80000,0x00000007a3a80000,0x00000007c0000000)
 ParOldGen       total 2788352K, used 2788068K [0x00000006c0c00000, 0x000000076af00000, 0x000000076af00000)
  object space 2788352K, 99% used [0x00000006c0c00000,0x000000076aeb9048,0x000000076af00000)
 Metaspace       used 3421K, capacity 4632K, committed 4864K, reserved 1056768K
  class space    used 350K, capacity 392K, committed 512K, reserved 1048576K
}
Event: 5627.586 GC heap before
{Heap before GC invocations=5650 (full 1744):
 PSYoungGen      total 929280K, used 464896K [0x000000076af00000, 0x00000007c0000000, 0x00000007c0000000)
  eden space 464896K, 100% used [0x000000076af00000,0x0000000787500000,0x0000000787500000)
  from space 464384K, 0% used [0x0000000787500000,0x0000000787500000,0x00000007a3a80000)
  to   space 464384K, 0% used [0x00000007a3a80000,0x00000007a3a80000,0x00000007c0000000)
 ParOldGen       total 2788352K, used 2788068K [0x00000006c0c00000, 0x000000076af00000, 0x000000076af00000)
  object space 2788352K, 99% used [0x00000006c0c00000,0x000000076aeb9048,0x000000076af00000)
 Metaspace       used 3421K, capacity 4632K, committed 4864K, reserved 1056768K
  class space    used 350K, capacity 392K, committed 512K, reserved 1048576K
Event: 5628.451 GC heap after
Heap after GC invocations=5650 (full 1744):
 PSYoungGen      total 929280K, used 123046K [0x000000076af00000, 0x00000007c0000000, 0x00000007c0000000)
  eden space 464896K, 26% used [0x000000076af00000,0x0000000772729ba0,0x0000000787500000)
  from space 464384K, 0% used [0x0000000787500000,0x0000000787500000,0x00000007a3a80000)
  to   space 464384K, 0% used [0x00000007a3a80000,0x00000007a3a80000,0x00000007c0000000)
 ParOldGen       total 2788352K, used 2788060K [0x00000006c0c00000, 0x000000076af00000, 0x000000076af00000)
  object space 2788352K, 99% used [0x00000006c0c00000,0x000000076aeb7140,0x000000076af00000)
 Metaspace       used 3421K, capacity 4632K, committed 4864K, reserved 1056768K
  class space    used 350K, capacity 392K, committed 512K, reserved 1048576K
}
Event: 5628.850 GC heap before
{Heap before GC invocations=5651 (full 1745):
 PSYoungGen      total 929280K, used 464896K [0x000000076af00000, 0x00000007c0000000, 0x00000007c0000000)
  eden space 464896K, 100% used [0x000000076af00000,0x0000000787500000,0x0000000787500000)
  from space 464384K, 0% used [0x0000000787500000,0x0000000787500000,0x00000007a3a80000)
  to   space 464384K, 0% used [0x00000007a3a80000,0x00000007a3a80000,0x00000007c0000000)
 ParOldGen       total 2788352K, used 2788060K [0x00000006c0c00000, 0x000000076af00000, 0x000000076af00000)
  object space 2788352K, 99% used [0x00000006c0c00000,0x000000076aeb7140,0x000000076af00000)
 Metaspace       used 3421K, capacity 4632K, committed 4864K, reserved 1056768K
  class space    used 350K, capacity 392K, committed 512K, reserved 1048576K
Event: 5629.613 GC heap after
Heap after GC invocations=5651 (full 1745):
 PSYoungGen      total 929280K, used 125119K [0x000000076af00000, 0x00000007c0000000, 0x00000007c0000000)
  eden space 464896K, 26% used [0x000000076af00000,0x000000077292ff38,0x0000000787500000)
  from space 464384K, 0% used [0x0000000787500000,0x0000000787500000,0x00000007a3a80000)
  to   space 464384K, 0% used [0x00000007a3a80000,0x00000007a3a80000,0x00000007c0000000)
 ParOldGen       total 2788352K, used 2788038K [0x00000006c0c00000, 0x000000076af00000, 0x000000076af00000)
  object space 2788352K, 99% used [0x00000006c0c00000,0x000000076aeb1af8,0x000000076af00000)
 Metaspace       used 3421K, capacity 4632K, committed 4864K, reserved 1056768K
  class space    used 350K, capacity 392K, committed 512K, reserved 1048576K
}
Event: 5629.992 GC heap before
{Heap before GC invocations=5652 (full 1746):
 PSYoungGen      total 929280K, used 464896K [0x000000076af00000, 0x00000007c0000000, 0x00000007c0000000)
  eden space 464896K, 100% used [0x000000076af00000,0x0000000787500000,0x0000000787500000)
  from space 464384K, 0% used [0x0000000787500000,0x0000000787500000,0x00000007a3a80000)
  to   space 464384K, 0% used [0x00000007a3a80000,0x00000007a3a80000,0x00000007c0000000)
 ParOldGen       total 2788352K, used 2788038K [0x00000006c0c00000, 0x000000076af00000, 0x000000076af00000)
  object space 2788352K, 99% used [0x00000006c0c00000,0x000000076aeb1af8,0x000000076af00000)
 Metaspace       used 3421K, capacity 4632K, committed 4864K, reserved 1056768K
  class space    used 350K, capacity 392K, committed 512K, reserved 1048576K
Event: 5630.607 GC heap after
Heap after GC invocations=5652 (full 1746):
 PSYoungGen      total 929280K, used 123131K [0x000000076af00000, 0x00000007c0000000, 0x00000007c0000000)
  eden space 464896K, 26% used [0x000000076af00000,0x000000077273ec00,0x0000000787500000)
  from space 464384K, 0% used [0x0000000787500000,0x0000000787500000,0x00000007a3a80000)
  to   space 464384K, 0% used [0x00000007a3a80000,0x00000007a3a80000,0x00000007c0000000)
 ParOldGen       total 2788352K, used 2788056K [0x00000006c0c00000, 0x000000076af00000, 0x000000076af00000)
  object space 2788352K, 99% used [0x00000006c0c00000,0x000000076aeb6220,0x000000076af00000)
 Metaspace       used 3421K, capacity 4632K, committed 4864K, reserved 1056768K
  class space    used 350K, capacity 392K, committed 512K, reserved 1048576K
}
Event: 5631.016 GC heap before
{Heap before GC invocations=5653 (full 1747):
 PSYoungGen      total 929280K, used 464896K [0x000000076af00000, 0x00000007c0000000, 0x00000007c0000000)
  eden space 464896K, 100% used [0x000000076af00000,0x0000000787500000,0x0000000787500000)
  from space 464384K, 0% used [0x0000000787500000,0x0000000787500000,0x00000007a3a80000)
  to   space 464384K, 0% used [0x00000007a3a80000,0x00000007a3a80000,0x00000007c0000000)
 ParOldGen       total 2788352K, used 2788056K [0x00000006c0c00000, 0x000000076af00000, 0x000000076af00000)
  object space 2788352K, 99% used [0x00000006c0c00000,0x000000076aeb6220,0x000000076af00000)
 Metaspace       used 3421K, capacity 4632K, committed 4864K, reserved 1056768K
  class space    used 350K, capacity 392K, committed 512K, reserved 1048576K
Event: 5631.622 GC heap after
Heap after GC invocations=5653 (full 1747):
 PSYoungGen      total 929280K, used 125196K [0x000000076af00000, 0x00000007c0000000, 0x00000007c0000000)
  eden space 464896K, 26% used [0x000000076af00000,0x0000000772943258,0x0000000787500000)
  from space 464384K, 0% used [0x0000000787500000,0x0000000787500000,0x00000007a3a80000)
  to   space 464384K, 0% used [0x00000007a3a80000,0x00000007a3a80000,0x00000007c0000000)
 ParOldGen       total 2788352K, used 2788042K [0x00000006c0c00000, 0x000000076af00000, 0x000000076af00000)
  object space 2788352K, 99% used [0x00000006c0c00000,0x000000076aeb2918,0x000000076af00000)
 Metaspace       used 3421K, capacity 4632K, committed 4864K, reserved 1056768K
  class space    used 350K, capacity 392K, committed 512K, reserved 1048576K
}
Event: 5632.007 GC heap before
{Heap before GC invocations=5654 (full 1748):
 PSYoungGen      total 929280K, used 464896K [0x000000076af00000, 0x00000007c0000000, 0x00000007c0000000)
  eden space 464896K, 100% used [0x000000076af00000,0x0000000787500000,0x0000000787500000)
  from space 464384K, 0% used [0x0000000787500000,0x0000000787500000,0x00000007a3a80000)
  to   space 464384K, 0% used [0x00000007a3a80000,0x00000007a3a80000,0x00000007c0000000)
 ParOldGen       total 2788352K, used 2788042K [0x00000006c0c00000, 0x000000076af00000, 0x000000076af00000)
  object space 2788352K, 99% used [0x00000006c0c00000,0x000000076aeb2918,0x000000076af00000)
 Metaspace       used 3421K, capacity 4632K, committed 4864K, reserved 1056768K
  class space    used 350K, capacity 392K, committed 512K, reserved 1048576K

