# JRE version: Java(TM) SE Runtime Environment (8.0_60-b27) (build 1.8.0_60-b27)
# Java VM: Java HotSpot(TM) 64-Bit Server VM (25.60-b23 mixed mode windows-amd64 compressed oops)
Heap:
 PSYoungGen      total 1278464K, used 259357K [0x000000076af00000, 0x00000007bf600000, 0x00000007c0000000)
  eden space 1177600K, 21% used [0x000000076af00000,0x000000077a21f540,0x00000007b2d00000)
  from space 100864K, 10% used [0x00000007b9380000,0x00000007b9da8000,0x00000007bf600000)
  to   space 102912K, 0% used [0x00000007b2d00000,0x00000007b2d00000,0x00000007b9180000)
 ParOldGen       total 2788352K, used 1729259K [0x00000006c0c00000, 0x000000076af00000, 0x000000076af00000)
  object space 2788352K, 62% used [0x00000006c0c00000,0x000000072a4baef0,0x000000076af00000)
 Metaspace       used 3441K, capacity 4632K, committed 4864K, reserved 1056768K
  class space    used 350K, capacity 392K, committed 512K, reserved 1048576K
GC Heap History (10 events):
Event: 51133.096 GC heap before
{Heap before GC invocations=40662 (full 909):
 PSYoungGen      total 1263616K, used 1162112K [0x000000076af00000, 0x00000007bfa80000, 0x00000007c0000000)
  eden space 1142784K, 100% used [0x000000076af00000,0x00000007b0b00000,0x00000007b0b00000)
  from space 120832K, 15% used [0x00000007b0b00000,0x00000007b1de0000,0x00000007b8100000)
  to   space 116224K, 0% used [0x00000007b8900000,0x00000007b8900000,0x00000007bfa80000)
 ParOldGen       total 2788352K, used 2581997K [0x00000006c0c00000, 0x000000076af00000, 0x000000076af00000)
  object space 2788352K, 92% used [0x00000006c0c00000,0x000000075e57b558,0x000000076af00000)
 Metaspace       used 3441K, capacity 4632K, committed 4864K, reserved 1056768K
  class space    used 350K, capacity 392K, committed 512K, reserved 1048576K
Event: 51133.108 GC heap after
Heap after GC invocations=40662 (full 909):
 PSYoungGen      total 1262592K, used 26336K [0x000000076af00000, 0x00000007bf080000, 0x00000007c0000000)
  eden space 1156608K, 0% used [0x000000076af00000,0x000000076af00000,0x00000007b1880000)
  from space 105984K, 24% used [0x00000007b8900000,0x00000007ba2b8000,0x00000007bf080000)
  to   space 110592K, 0% used [0x00000007b1880000,0x00000007b1880000,0x00000007b8480000)
 ParOldGen       total 2788352K, used 2598365K [0x00000006c0c00000, 0x000000076af00000, 0x000000076af00000)
  object space 2788352K, 93% used [0x00000006c0c00000,0x000000075f577558,0x000000076af00000)
 Metaspace       used 3441K, capacity 4632K, committed 4864K, reserved 1056768K
  class space    used 350K, capacity 392K, committed 512K, reserved 1048576K
}
Event: 51134.797 GC heap before
{Heap before GC invocations=40663 (full 909):
 PSYoungGen      total 1262592K, used 1182944K [0x000000076af00000, 0x00000007bf080000, 0x00000007c0000000)
  eden space 1156608K, 100% used [0x000000076af00000,0x00000007b1880000,0x00000007b1880000)
  from space 105984K, 24% used [0x00000007b8900000,0x00000007ba2b8000,0x00000007bf080000)
  to   space 110592K, 0% used [0x00000007b1880000,0x00000007b1880000,0x00000007b8480000)
 ParOldGen       total 2788352K, used 2598365K [0x00000006c0c00000, 0x000000076af00000, 0x000000076af00000)
  object space 2788352K, 93% used [0x00000006c0c00000,0x000000075f577558,0x000000076af00000)
 Metaspace       used 3441K, capacity 4632K, committed 4864K, reserved 1056768K
  class space    used 350K, capacity 392K, committed 512K, reserved 1048576K
Event: 51134.809 GC heap after
Heap after GC invocations=40663 (full 909):
 PSYoungGen      total 1267200K, used 24288K [0x000000076af00000, 0x00000007bfa80000, 0x00000007c0000000)
  eden space 1156608K, 0% used [0x000000076af00000,0x000000076af00000,0x00000007b1880000)
  from space 110592K, 21% used [0x00000007b1880000,0x00000007b3038000,0x00000007b8480000)
  to   space 105472K, 0% used [0x00000007b9380000,0x00000007b9380000,0x00000007bfa80000)
 ParOldGen       total 2788352K, used 2622717K [0x00000006c0c00000, 0x000000076af00000, 0x000000076af00000)
  object space 2788352K, 94% used [0x00000006c0c00000,0x0000000760d3f558,0x000000076af00000)
 Metaspace       used 3441K, capacity 4632K, committed 4864K, reserved 1056768K
  class space    used 350K, capacity 392K, committed 512K, reserved 1048576K
}
Event: 51136.115 GC heap before
{Heap before GC invocations=40664 (full 909):
 PSYoungGen      total 1267200K, used 1180896K [0x000000076af00000, 0x00000007bfa80000, 0x00000007c0000000)
  eden space 1156608K, 100% used [0x000000076af00000,0x00000007b1880000,0x00000007b1880000)
  from space 110592K, 21% used [0x00000007b1880000,0x00000007b3038000,0x00000007b8480000)
  to   space 105472K, 0% used [0x00000007b9380000,0x00000007b9380000,0x00000007bfa80000)
 ParOldGen       total 2788352K, used 2622717K [0x00000006c0c00000, 0x000000076af00000, 0x000000076af00000)
  object space 2788352K, 94% used [0x00000006c0c00000,0x0000000760d3f558,0x000000076af00000)
 Metaspace       used 3441K, capacity 4632K, committed 4864K, reserved 1056768K
  class space    used 350K, capacity 392K, committed 512K, reserved 1048576K
Event: 51136.269 GC heap after
Heap after GC invocations=40664 (full 909):
 PSYoungGen      total 1267200K, used 1180896K [0x000000076af00000, 0x00000007bfa80000, 0x00000007c0000000)
  eden space 1156608K, 100% used [0x000000076af00000,0x00000007b1880000,0x00000007b1880000)
  from space 110592K, 21% used [0x00000007b1880000,0x00000007b3038000,0x00000007b8480000)
  to   space 105472K, 100% used [0x00000007b9380000,0x00000007bfa80000,0x00000007bfa80000)
 ParOldGen       total 2788352K, used 2788349K [0x00000006c0c00000, 0x000000076af00000, 0x000000076af00000)
  object space 2788352K, 99% used [0x00000006c0c00000,0x000000076aeff558,0x000000076af00000)
 Metaspace       used 3441K, capacity 4632K, committed 4864K, reserved 1056768K
  class space    used 350K, capacity 392K, committed 512K, reserved 1048576K
}
Event: 51136.269 GC heap before
{Heap before GC invocations=40665 (full 910):
 PSYoungGen      total 1267200K, used 1180896K [0x000000076af00000, 0x00000007bfa80000, 0x00000007c0000000)
  eden space 1156608K, 100% used [0x000000076af00000,0x00000007b1880000,0x00000007b1880000)
  from space 110592K, 21% used [0x00000007b1880000,0x00000007b3038000,0x00000007b8480000)
  to   space 105472K, 100% used [0x00000007b9380000,0x00000007bfa80000,0x00000007bfa80000)
 ParOldGen       total 2788352K, used 2788349K [0x00000006c0c00000, 0x000000076af00000, 0x000000076af00000)
  object space 2788352K, 99% used [0x00000006c0c00000,0x000000076aeff558,0x000000076af00000)
 Metaspace       used 3441K, capacity 4632K, committed 4864K, reserved 1056768K
  class space    used 350K, capacity 392K, committed 512K, reserved 1048576K
Event: 51136.576 GC heap after
Heap after GC invocations=40665 (full 910):
 PSYoungGen      total 1267200K, used 0K [0x000000076af00000, 0x00000007bfa80000, 0x00000007c0000000)
  eden space 1156608K, 0% used [0x000000076af00000,0x000000076af00000,0x00000007b1880000)
  from space 110592K, 0% used [0x00000007b1880000,0x00000007b1880000,0x00000007b8480000)
  to   space 105472K, 0% used [0x00000007b9380000,0x00000007b9380000,0x00000007bfa80000)
 ParOldGen       total 2788352K, used 1729259K [0x00000006c0c00000, 0x000000076af00000, 0x000000076af00000)
  object space 2788352K, 62% used [0x00000006c0c00000,0x000000072a4baef0,0x000000076af00000)
 Metaspace       used 3441K, capacity 4632K, committed 4864K, reserved 1056768K
  class space    used 350K, capacity 392K, committed 512K, reserved 1048576K
}
Event: 51137.961 GC heap before
{Heap before GC invocations=40666 (full 910):
 PSYoungGen      total 1267200K, used 1156608K [0x000000076af00000, 0x00000007bfa80000, 0x00000007c0000000)
  eden space 1156608K, 100% used [0x000000076af00000,0x00000007b1880000,0x00000007b1880000)
  from space 110592K, 0% used [0x00000007b1880000,0x00000007b1880000,0x00000007b8480000)
  to   space 105472K, 0% used [0x00000007b9380000,0x00000007b9380000,0x00000007bfa80000)
 ParOldGen       total 2788352K, used 1729259K [0x00000006c0c00000, 0x000000076af00000, 0x000000076af00000)
  object space 2788352K, 62% used [0x00000006c0c00000,0x000000072a4baef0,0x000000076af00000)
 Metaspace       used 3441K, capacity 4632K, committed 4864K, reserved 1056768K
  class space    used 350K, capacity 392K, committed 512K, reserved 1048576K
Event: 51137.965 GC heap after
Heap after GC invocations=40666 (full 910):
 PSYoungGen      total 1278464K, used 10400K [0x000000076af00000, 0x00000007bf600000, 0x00000007c0000000)
  eden space 1177600K, 0% used [0x000000076af00000,0x000000076af00000,0x00000007b2d00000)
  from space 100864K, 10% used [0x00000007b9380000,0x00000007b9da8000,0x00000007bf600000)
  to   space 102912K, 0% used [0x00000007b2d00000,0x00000007b2d00000,0x00000007b9180000)
 ParOldGen       total 2788352K, used 1729259K [0x00000006c0c00000, 0x000000076af00000, 0x000000076af00000)
  object space 2788352K, 62% used [0x00000006c0c00000,0x000000072a4baef0,0x000000076af00000)
 Metaspace       used 3441K, capacity 4632K, committed 4864K, reserved 1056768K
  class space    used 350K, capacity 392K, committed 512K, reserved 1048576K
}

